<?xml version="1.0" encoding="utf-8"?>
<LinearLayout xmlns:android="http://schemas.android.com/apk/res/android"
    xmlns:app="http://schemas.android.com/apk/res-auto"
    xmlns:tools="http://schemas.android.com/tools"
    android:layout_width="match_parent"
    android:layout_height="match_parent"
    android:background="@color/colorPrimaryLight"
    android:orientation="vertical">

    <ImageView
        android:id="@+id/imageView"
        android:layout_width="wrap_content"
        android:layout_height="120dp"
        android:layout_marginLeft="10dp"
        android:layout_marginRight="10dp"
        app:srcCompat="@drawable/pngtree" />


    <TextView
        android:id="@+id/textView21"
        android:layout_width="match_parent"
        android:layout_height="wrap_content"
        android:layout_marginTop="20dp"
        android:gravity="center"
        android:text="kết quả"
        android:textAllCaps="true"
        android:textColor="@android:color/holo_red_light"
        android:textSize="30sp"
        android:textStyle="bold" />

    <TextView
        android:id="@+id/tvResult"
        android:layout_width="match_parent"
        android:layout_height="wrap_content"
        android:layout_marginTop="20dp"
        android:gravity="center"
        android:text="Số câu trả lời đúng: 30/50 "
        android:textColor="@android:color/black"
        android:textSize="20sp"
        android:textStyle="bold|italic" />

    <Button
        android:id="@+id/btnAnswer"
        android:layout_width="match_parent"
        android:layout_height="wrap_content"
        android:layout_marginLeft="20dp"
        android:layout_marginRight="20dp"
        android:layout_marginTop="40dp"
        android:background="@color/colorPrimaryDark"
        android:text="Xem đáp án"
        android:textColor="#FFFFFF"
        android:textSize="20sp" />
    <RelativeLayout
        android:layout_width="wrap_content"
        android:layout_height="wrap_content">
        <Button
            android:layout_width="80dp"
            android:layout_height="80dp"
            android:layout_margin="10dp"
            android:layout_alignParentRight="true"
            android:layout_alignParentBottom="true"
            android:background="@drawable/house308936_1280"/>
    </RelativeLayout>



</LinearLayout>
